Test (2A): initial election ...
==================
WARNING: DATA RACE
Read at 0x00c000128280 by goroutine 16:
  6.824/raft.(*Raft).startElection.func1()
      /Users/bytedance/go/src/mit6.824/src/raft/raft.go:429 +0x184

Previous write at 0x00c000128280 by goroutine 12:
  6.824/raft.(*Raft).startElection()
      /Users/bytedance/go/src/mit6.824/src/raft/raft.go:419 +0x291
  6.824/raft.(*Raft).ticker()
      /Users/bytedance/go/src/mit6.824/src/raft/raft.go:315 +0x10e

Goroutine 16 (running) created at:
  6.824/raft.(*Raft).startElection()
      /Users/bytedance/go/src/mit6.824/src/raft/raft.go:422 +0x366
  6.824/raft.(*Raft).ticker()
      /Users/bytedance/go/src/mit6.824/src/raft/raft.go:315 +0x10e

Goroutine 12 (running) created at:
  6.824/raft.Make()
      /Users/bytedance/go/src/mit6.824/src/raft/raft.go:496 +0x339
  6.824/raft.(*config).start1()
      /Users/bytedance/go/src/mit6.824/src/raft/config.go:274 +0x94d
  6.824/raft.make_config()
      /Users/bytedance/go/src/mit6.824/src/raft/config.go:93 +0x898
  6.824/raft.TestInitialElection2A()
      /Users/bytedance/go/src/mit6.824/src/raft/test_test.go:24 +0x65
  testing.tRunner()
      /usr/local/go/src/testing/testing.go:1123 +0x202
==================
==================
WARNING: DATA RACE
Read at 0x00c000202300 by goroutine 23:
  6.824/raft.(*Raft).sendHeartBeat.func1()
      /Users/bytedance/go/src/mit6.824/src/raft/raft.go:345 +0x77

Previous write at 0x00c000202300 by goroutine 12:
  6.824/raft.(*Raft).sendHeartBeat()
      /Users/bytedance/go/src/mit6.824/src/raft/raft.go:341 +0x1a4
  6.824/raft.(*Raft).ticker()
      /Users/bytedance/go/src/mit6.824/src/raft/raft.go:321 +0x84

Goroutine 23 (running) created at:
  6.824/raft.(*Raft).sendHeartBeat()
      /Users/bytedance/go/src/mit6.824/src/raft/raft.go:343 +0x216
  6.824/raft.(*Raft).ticker()
      /Users/bytedance/go/src/mit6.824/src/raft/raft.go:321 +0x84

Goroutine 12 (running) created at:
  6.824/raft.Make()
      /Users/bytedance/go/src/mit6.824/src/raft/raft.go:496 +0x339
  6.824/raft.(*config).start1()
      /Users/bytedance/go/src/mit6.824/src/raft/config.go:274 +0x94d
  6.824/raft.make_config()
      /Users/bytedance/go/src/mit6.824/src/raft/config.go:93 +0x898
  6.824/raft.TestInitialElection2A()
      /Users/bytedance/go/src/mit6.824/src/raft/test_test.go:24 +0x65
  testing.tRunner()
      /usr/local/go/src/testing/testing.go:1123 +0x202
==================
==================
WARNING: DATA RACE
Read at 0x00c00016c248 by goroutine 7:
  sync/atomic.LoadInt32()
      /usr/local/go/src/runtime/race_amd64.s:206 +0xb
  6.824/raft.(*Raft).GetState()
      /Users/bytedance/go/src/mit6.824/src/raft/raft.go:95 +0x5a
  6.824/raft.(*config).checkOneLeader()
      /Users/bytedance/go/src/mit6.824/src/raft/config.go:379 +0x149
  6.824/raft.TestInitialElection2A()
      /Users/bytedance/go/src/mit6.824/src/raft/test_test.go:30 +0xde
  testing.tRunner()
      /usr/local/go/src/testing/testing.go:1123 +0x202

Previous write at 0x00c00016c248 by goroutine 10:
  6.824/raft.(*Raft).startElection()
      /Users/bytedance/go/src/mit6.824/src/raft/raft.go:452 +0x404
  6.824/raft.(*Raft).ticker()
      /Users/bytedance/go/src/mit6.824/src/raft/raft.go:315 +0x10e

Goroutine 7 (running) created at:
  testing.(*T).Run()
      /usr/local/go/src/testing/testing.go:1168 +0x5bb
  testing.runTests.func1()
      /usr/local/go/src/testing/testing.go:1439 +0xa6
  testing.tRunner()
      /usr/local/go/src/testing/testing.go:1123 +0x202
  testing.runTests()
      /usr/local/go/src/testing/testing.go:1437 +0x612
  testing.(*M).Run()
      /usr/local/go/src/testing/testing.go:1345 +0x3b3
  main.main()
      _testmain.go:89 +0x236

Goroutine 10 (running) created at:
  6.824/raft.Make()
      /Users/bytedance/go/src/mit6.824/src/raft/raft.go:496 +0x339
  6.824/raft.(*config).start1()
      /Users/bytedance/go/src/mit6.824/src/raft/config.go:274 +0x94d
  6.824/raft.make_config()
      /Users/bytedance/go/src/mit6.824/src/raft/config.go:93 +0x898
  6.824/raft.TestInitialElection2A()
      /Users/bytedance/go/src/mit6.824/src/raft/test_test.go:24 +0x65
  testing.tRunner()
      /usr/local/go/src/testing/testing.go:1123 +0x202
==================
==================
WARNING: DATA RACE
Read at 0x00c00016c2b8 by goroutine 7:
  sync/atomic.LoadInt32()
      /usr/local/go/src/runtime/race_amd64.s:206 +0xb
  6.824/raft.(*Raft).GetState()
      /Users/bytedance/go/src/mit6.824/src/raft/raft.go:94 +0x3e
  6.824/raft.(*config).checkOneLeader()
      /Users/bytedance/go/src/mit6.824/src/raft/config.go:379 +0x149
  6.824/raft.TestInitialElection2A()
      /Users/bytedance/go/src/mit6.824/src/raft/test_test.go:30 +0xde
  testing.tRunner()
      /usr/local/go/src/testing/testing.go:1123 +0x202

Previous write at 0x00c00016c2b8 by goroutine 12:
  6.824/raft.(*Raft).startElection()
      /Users/bytedance/go/src/mit6.824/src/raft/raft.go:410 +0xd3
  6.824/raft.(*Raft).ticker()
      /Users/bytedance/go/src/mit6.824/src/raft/raft.go:315 +0x10e

Goroutine 7 (running) created at:
  testing.(*T).Run()
      /usr/local/go/src/testing/testing.go:1168 +0x5bb
  testing.runTests.func1()
      /usr/local/go/src/testing/testing.go:1439 +0xa6
  testing.tRunner()
      /usr/local/go/src/testing/testing.go:1123 +0x202
  testing.runTests()
      /usr/local/go/src/testing/testing.go:1437 +0x612
  testing.(*M).Run()
      /usr/local/go/src/testing/testing.go:1345 +0x3b3
  main.main()
      _testmain.go:89 +0x236

Goroutine 12 (running) created at:
  6.824/raft.Make()
      /Users/bytedance/go/src/mit6.824/src/raft/raft.go:496 +0x339
  6.824/raft.(*config).start1()
      /Users/bytedance/go/src/mit6.824/src/raft/config.go:274 +0x94d
  6.824/raft.make_config()
      /Users/bytedance/go/src/mit6.824/src/raft/config.go:93 +0x898
  6.824/raft.TestInitialElection2A()
      /Users/bytedance/go/src/mit6.824/src/raft/test_test.go:24 +0x65
  testing.tRunner()
      /usr/local/go/src/testing/testing.go:1123 +0x202
==================
--- FAIL: TestInitialElection2A (0.46s)
    config.go:388: term 1 has 2 (>1) leaders
    testing.go:1038: race detected during execution of test
Test (2A): election after network failure ...
==================
WARNING: DATA RACE
Read at 0x00c000208538 by goroutine 49:
  sync/atomic.LoadInt32()
      /usr/local/go/src/runtime/race_amd64.s:206 +0xb
  6.824/raft.(*Raft).GetState()
      /Users/bytedance/go/src/mit6.824/src/raft/raft.go:94 +0x3e
  6.824/raft.(*config).checkOneLeader()
      /Users/bytedance/go/src/mit6.824/src/raft/config.go:379 +0x149
  6.824/raft.TestReElection2A()
      /Users/bytedance/go/src/mit6.824/src/raft/test_test.go:60 +0xde
  testing.tRunner()
      /usr/local/go/src/testing/testing.go:1123 +0x202

Previous write at 0x00c000208538 by goroutine 52:
  6.824/raft.(*Raft).startElection()
      /Users/bytedance/go/src/mit6.824/src/raft/raft.go:410 +0xd3
  6.824/raft.(*Raft).ticker()
      /Users/bytedance/go/src/mit6.824/src/raft/raft.go:315 +0x10e

Goroutine 49 (running) created at:
  testing.(*T).Run()
      /usr/local/go/src/testing/testing.go:1168 +0x5bb
  testing.runTests.func1()
      /usr/local/go/src/testing/testing.go:1439 +0xa6
  testing.tRunner()
      /usr/local/go/src/testing/testing.go:1123 +0x202
  testing.runTests()
      /usr/local/go/src/testing/testing.go:1437 +0x612
  testing.(*M).Run()
      /usr/local/go/src/testing/testing.go:1345 +0x3b3
  main.main()
      _testmain.go:89 +0x236

Goroutine 52 (running) created at:
  6.824/raft.Make()
      /Users/bytedance/go/src/mit6.824/src/raft/raft.go:496 +0x339
  6.824/raft.(*config).start1()
      /Users/bytedance/go/src/mit6.824/src/raft/config.go:274 +0x94d
  6.824/raft.make_config()
      /Users/bytedance/go/src/mit6.824/src/raft/config.go:93 +0x898
  6.824/raft.TestReElection2A()
      /Users/bytedance/go/src/mit6.824/src/raft/test_test.go:55 +0x65
  testing.tRunner()
      /usr/local/go/src/testing/testing.go:1123 +0x202
==================
==================
WARNING: DATA RACE
Read at 0x00c000208568 by goroutine 49:
  sync/atomic.LoadInt32()
      /usr/local/go/src/runtime/race_amd64.s:206 +0xb
  6.824/raft.(*Raft).GetState()
      /Users/bytedance/go/src/mit6.824/src/raft/raft.go:95 +0x5a
  6.824/raft.(*config).checkOneLeader()
      /Users/bytedance/go/src/mit6.824/src/raft/config.go:379 +0x149
  6.824/raft.TestReElection2A()
      /Users/bytedance/go/src/mit6.824/src/raft/test_test.go:60 +0xde
  testing.tRunner()
      /usr/local/go/src/testing/testing.go:1123 +0x202

Previous write at 0x00c000208568 by goroutine 52:
  6.824/raft.(*Raft).startElection()
      /Users/bytedance/go/src/mit6.824/src/raft/raft.go:454 +0x426
  6.824/raft.(*Raft).ticker()
      /Users/bytedance/go/src/mit6.824/src/raft/raft.go:315 +0x10e

Goroutine 49 (running) created at:
  testing.(*T).Run()
      /usr/local/go/src/testing/testing.go:1168 +0x5bb
  testing.runTests.func1()
      /usr/local/go/src/testing/testing.go:1439 +0xa6
  testing.tRunner()
      /usr/local/go/src/testing/testing.go:1123 +0x202
  testing.runTests()
      /usr/local/go/src/testing/testing.go:1437 +0x612
  testing.(*M).Run()
      /usr/local/go/src/testing/testing.go:1345 +0x3b3
  main.main()
      _testmain.go:89 +0x236

Goroutine 52 (running) created at:
  6.824/raft.Make()
      /Users/bytedance/go/src/mit6.824/src/raft/raft.go:496 +0x339
  6.824/raft.(*config).start1()
      /Users/bytedance/go/src/mit6.824/src/raft/config.go:274 +0x94d
  6.824/raft.make_config()
      /Users/bytedance/go/src/mit6.824/src/raft/config.go:93 +0x898
  6.824/raft.TestReElection2A()
      /Users/bytedance/go/src/mit6.824/src/raft/test_test.go:55 +0x65
  testing.tRunner()
      /usr/local/go/src/testing/testing.go:1123 +0x202
==================
==================
WARNING: DATA RACE
Read at 0x00c000208608 by goroutine 49:
  sync/atomic.LoadInt32()
      /usr/local/go/src/runtime/race_amd64.s:206 +0xb
  6.824/raft.(*Raft).GetState()
      /Users/bytedance/go/src/mit6.824/src/raft/raft.go:95 +0x5a
  6.824/raft.(*config).checkOneLeader()
      /Users/bytedance/go/src/mit6.824/src/raft/config.go:379 +0x149
  6.824/raft.TestReElection2A()
      /Users/bytedance/go/src/mit6.824/src/raft/test_test.go:60 +0xde
  testing.tRunner()
      /usr/local/go/src/testing/testing.go:1123 +0x202

Previous write at 0x00c000208608 by goroutine 54:
  6.824/raft.(*Raft).startElection()
      /Users/bytedance/go/src/mit6.824/src/raft/raft.go:452 +0x404
  6.824/raft.(*Raft).ticker()
      /Users/bytedance/go/src/mit6.824/src/raft/raft.go:315 +0x10e

Goroutine 49 (running) created at:
  testing.(*T).Run()
      /usr/local/go/src/testing/testing.go:1168 +0x5bb
  testing.runTests.func1()
      /usr/local/go/src/testing/testing.go:1439 +0xa6
  testing.tRunner()
      /usr/local/go/src/testing/testing.go:1123 +0x202
  testing.runTests()
      /usr/local/go/src/testing/testing.go:1437 +0x612
  testing.(*M).Run()
      /usr/local/go/src/testing/testing.go:1345 +0x3b3
  main.main()
      _testmain.go:89 +0x236

Goroutine 54 (running) created at:
  6.824/raft.Make()
      /Users/bytedance/go/src/mit6.824/src/raft/raft.go:496 +0x339
  6.824/raft.(*config).start1()
      /Users/bytedance/go/src/mit6.824/src/raft/config.go:274 +0x94d
  6.824/raft.make_config()
      /Users/bytedance/go/src/mit6.824/src/raft/config.go:93 +0x898
  6.824/raft.TestReElection2A()
      /Users/bytedance/go/src/mit6.824/src/raft/test_test.go:55 +0x65
  testing.tRunner()
      /usr/local/go/src/testing/testing.go:1123 +0x202
==================
==================
WARNING: DATA RACE
Write at 0x00c0002086a8 by goroutine 56:
  6.824/raft.(*Raft).startElection()
      /Users/bytedance/go/src/mit6.824/src/raft/raft.go:409 +0xb7
  6.824/raft.(*Raft).ticker()
      /Users/bytedance/go/src/mit6.824/src/raft/raft.go:315 +0x10e

Previous read at 0x00c0002086a8 by goroutine 49:
  sync/atomic.LoadInt32()
      /usr/local/go/src/runtime/race_amd64.s:206 +0xb
  6.824/raft.(*Raft).GetState()
      /Users/bytedance/go/src/mit6.824/src/raft/raft.go:95 +0x5a
  6.824/raft.(*config).checkOneLeader()
      /Users/bytedance/go/src/mit6.824/src/raft/config.go:379 +0x149
  6.824/raft.TestReElection2A()
      /Users/bytedance/go/src/mit6.824/src/raft/test_test.go:69 +0x136
  testing.tRunner()
      /usr/local/go/src/testing/testing.go:1123 +0x202

Goroutine 56 (running) created at:
  6.824/raft.Make()
      /Users/bytedance/go/src/mit6.824/src/raft/raft.go:496 +0x339
  6.824/raft.(*config).start1()
      /Users/bytedance/go/src/mit6.824/src/raft/config.go:274 +0x94d
  6.824/raft.make_config()
      /Users/bytedance/go/src/mit6.824/src/raft/config.go:93 +0x898
  6.824/raft.TestReElection2A()
      /Users/bytedance/go/src/mit6.824/src/raft/test_test.go:55 +0x65
  testing.tRunner()
      /usr/local/go/src/testing/testing.go:1123 +0x202

Goroutine 49 (running) created at:
  testing.(*T).Run()
      /usr/local/go/src/testing/testing.go:1168 +0x5bb
  testing.runTests.func1()
      /usr/local/go/src/testing/testing.go:1439 +0xa6
  testing.tRunner()
      /usr/local/go/src/testing/testing.go:1123 +0x202
  testing.runTests()
      /usr/local/go/src/testing/testing.go:1437 +0x612
  testing.(*M).Run()
      /usr/local/go/src/testing/testing.go:1345 +0x3b3
  main.main()
      _testmain.go:89 +0x236
==================
==================
WARNING: DATA RACE
Write at 0x00c000208678 by goroutine 56:
  6.824/raft.(*Raft).startElection()
      /Users/bytedance/go/src/mit6.824/src/raft/raft.go:410 +0xd3
  6.824/raft.(*Raft).ticker()
      /Users/bytedance/go/src/mit6.824/src/raft/raft.go:315 +0x10e

Previous read at 0x00c000208678 by goroutine 95:
  sync/atomic.LoadInt32()
      /usr/local/go/src/runtime/race_amd64.s:206 +0xb
  6.824/raft.(*Raft).checkTerm()
      /Users/bytedance/go/src/mit6.824/src/raft/raft.go:394 +0x47
  6.824/raft.(*Raft).AppendEntries()
      /Users/bytedance/go/src/mit6.824/src/raft/raft.go:357 +0x57
  runtime.call32()
      /usr/local/go/src/runtime/asm_amd64.s:540 +0x3d
  reflect.Value.Call()
      /usr/local/go/src/reflect/value.go:337 +0xd8
  6.824/labrpc.(*Service).dispatch()
      /Users/bytedance/go/src/mit6.824/src/labrpc/labrpc.go:496 +0x824
  6.824/labrpc.(*Server).dispatch()
      /Users/bytedance/go/src/mit6.824/src/labrpc/labrpc.go:420 +0x5f7
  6.824/labrpc.(*Network).processReq.func1()
      /Users/bytedance/go/src/mit6.824/src/labrpc/labrpc.go:240 +0xa4

Goroutine 56 (running) created at:
  6.824/raft.Make()
      /Users/bytedance/go/src/mit6.824/src/raft/raft.go:496 +0x339
  6.824/raft.(*config).start1()
      /Users/bytedance/go/src/mit6.824/src/raft/config.go:274 +0x94d
  6.824/raft.make_config()
      /Users/bytedance/go/src/mit6.824/src/raft/config.go:93 +0x898
  6.824/raft.TestReElection2A()
      /Users/bytedance/go/src/mit6.824/src/raft/test_test.go:55 +0x65
  testing.tRunner()
      /usr/local/go/src/testing/testing.go:1123 +0x202

Goroutine 95 (finished) created at:
  6.824/labrpc.(*Network).processReq()
      /Users/bytedance/go/src/mit6.824/src/labrpc/labrpc.go:239 +0x17c
==================
--- FAIL: TestReElection2A (4.58s)
    testing.go:1038: race detected during execution of test
Test (2A): multiple elections ...
==================
WARNING: DATA RACE
Write at 0x00c0004047e8 by goroutine 68:
  sync/atomic.StoreInt32()
      /usr/local/go/src/runtime/race_amd64.s:229 +0xb
  6.824/raft.(*Raft).AppendEntries()
      /Users/bytedance/go/src/mit6.824/src/raft/raft.go:363 +0x84
  runtime.call32()
      /usr/local/go/src/runtime/asm_amd64.s:540 +0x3d
  reflect.Value.Call()
      /usr/local/go/src/reflect/value.go:337 +0xd8
  6.824/labrpc.(*Service).dispatch()
      /Users/bytedance/go/src/mit6.824/src/labrpc/labrpc.go:496 +0x824
  6.824/labrpc.(*Server).dispatch()
      /Users/bytedance/go/src/mit6.824/src/labrpc/labrpc.go:420 +0x5f7
  6.824/labrpc.(*Network).processReq.func1()
      /Users/bytedance/go/src/mit6.824/src/labrpc/labrpc.go:240 +0xa4

Previous write at 0x00c0004047e8 by goroutine 88:
  6.824/raft.(*Raft).startElection()
      /Users/bytedance/go/src/mit6.824/src/raft/raft.go:454 +0x426
  6.824/raft.(*Raft).ticker()
      /Users/bytedance/go/src/mit6.824/src/raft/raft.go:315 +0x10e

Goroutine 68 (running) created at:
  6.824/labrpc.(*Network).processReq()
      /Users/bytedance/go/src/mit6.824/src/labrpc/labrpc.go:239 +0x17c

Goroutine 88 (running) created at:
  6.824/raft.Make()
      /Users/bytedance/go/src/mit6.824/src/raft/raft.go:496 +0x339
  6.824/raft.(*config).start1()
      /Users/bytedance/go/src/mit6.824/src/raft/config.go:274 +0x94d
  6.824/raft.make_config()
      /Users/bytedance/go/src/mit6.824/src/raft/config.go:93 +0x898
  6.824/raft.TestManyElections2A()
      /Users/bytedance/go/src/mit6.824/src/raft/test_test.go:91 +0x65
  testing.tRunner()
      /usr/local/go/src/testing/testing.go:1123 +0x202
==================
==================
WARNING: DATA RACE
Read at 0x00c000404748 by goroutine 159:
  sync/atomic.LoadInt32()
      /usr/local/go/src/runtime/race_amd64.s:206 +0xb
  6.824/raft.(*Raft).GetState()
      /Users/bytedance/go/src/mit6.824/src/raft/raft.go:95 +0x5a
  6.824/raft.(*config).checkOneLeader()
      /Users/bytedance/go/src/mit6.824/src/raft/config.go:379 +0x149
  6.824/raft.TestManyElections2A()
      /Users/bytedance/go/src/mit6.824/src/raft/test_test.go:96 +0xde
  testing.tRunner()
      /usr/local/go/src/testing/testing.go:1123 +0x202

Previous write at 0x00c000404748 by goroutine 160:
  6.824/raft.(*Raft).startElection()
      /Users/bytedance/go/src/mit6.824/src/raft/raft.go:452 +0x404
  6.824/raft.(*Raft).ticker()
      /Users/bytedance/go/src/mit6.824/src/raft/raft.go:315 +0x10e

Goroutine 159 (running) created at:
  testing.(*T).Run()
      /usr/local/go/src/testing/testing.go:1168 +0x5bb
  testing.runTests.func1()
      /usr/local/go/src/testing/testing.go:1439 +0xa6
  testing.tRunner()
      /usr/local/go/src/testing/testing.go:1123 +0x202
  testing.runTests()
      /usr/local/go/src/testing/testing.go:1437 +0x612
  testing.(*M).Run()
      /usr/local/go/src/testing/testing.go:1345 +0x3b3
  main.main()
      _testmain.go:89 +0x236

Goroutine 160 (running) created at:
  6.824/raft.Make()
      /Users/bytedance/go/src/mit6.824/src/raft/raft.go:496 +0x339
  6.824/raft.(*config).start1()
      /Users/bytedance/go/src/mit6.824/src/raft/config.go:274 +0x94d
  6.824/raft.make_config()
      /Users/bytedance/go/src/mit6.824/src/raft/config.go:93 +0x898
  6.824/raft.TestManyElections2A()
      /Users/bytedance/go/src/mit6.824/src/raft/test_test.go:91 +0x65
  testing.tRunner()
      /usr/local/go/src/testing/testing.go:1123 +0x202
==================
==================
WARNING: DATA RACE
Read at 0x00c0004047b8 by goroutine 159:
  sync/atomic.LoadInt32()
      /usr/local/go/src/runtime/race_amd64.s:206 +0xb
  6.824/raft.(*Raft).GetState()
      /Users/bytedance/go/src/mit6.824/src/raft/raft.go:94 +0x3e
  6.824/raft.(*config).checkOneLeader()
      /Users/bytedance/go/src/mit6.824/src/raft/config.go:379 +0x149
  6.824/raft.TestManyElections2A()
      /Users/bytedance/go/src/mit6.824/src/raft/test_test.go:96 +0xde
  testing.tRunner()
      /usr/local/go/src/testing/testing.go:1123 +0x202

Previous write at 0x00c0004047b8 by goroutine 88:
  6.824/raft.(*Raft).startElection()
      /Users/bytedance/go/src/mit6.824/src/raft/raft.go:410 +0xd3
  6.824/raft.(*Raft).ticker()
      /Users/bytedance/go/src/mit6.824/src/raft/raft.go:315 +0x10e

Goroutine 159 (running) created at:
  testing.(*T).Run()
      /usr/local/go/src/testing/testing.go:1168 +0x5bb
  testing.runTests.func1()
      /usr/local/go/src/testing/testing.go:1439 +0xa6
  testing.tRunner()
      /usr/local/go/src/testing/testing.go:1123 +0x202
  testing.runTests()
      /usr/local/go/src/testing/testing.go:1437 +0x612
  testing.(*M).Run()
      /usr/local/go/src/testing/testing.go:1345 +0x3b3
  main.main()
      _testmain.go:89 +0x236

Goroutine 88 (running) created at:
  6.824/raft.Make()
      /Users/bytedance/go/src/mit6.824/src/raft/raft.go:496 +0x339
  6.824/raft.(*config).start1()
      /Users/bytedance/go/src/mit6.824/src/raft/config.go:274 +0x94d
  6.824/raft.make_config()
      /Users/bytedance/go/src/mit6.824/src/raft/config.go:93 +0x898
  6.824/raft.TestManyElections2A()
      /Users/bytedance/go/src/mit6.824/src/raft/test_test.go:91 +0x65
  testing.tRunner()
      /usr/local/go/src/testing/testing.go:1123 +0x202
==================
--- FAIL: TestManyElections2A (6.96s)
    config.go:399: expected one leader, got none
    testing.go:1038: race detected during execution of test
FAIL
exit status 1
FAIL	6.824/raft	12.014s
